<?xml version="1.0" encoding="UTF-8"?>
<!-- Generated by org.testng.reporters.JUnitReportReporter -->
<testsuite hostname="AnilSabnani" name="Assignments.Assignment1" tests="1" failures="0" timestamp="26 Mar 2019 19:28:53 GMT" time="21.169" errors="0">
  <testcase name="Test" time="21.169" classname="Assignments.Assignment1"/>
</testsuite> <!-- Assignments.Assignment1 -->
