<?xml version="1.0" encoding="UTF-8"?>
<!-- Generated by org.testng.reporters.JUnitReportReporter -->
<testsuite hostname="AnilSabnani" name="Assignments.Assignment2" tests="1" failures="0" timestamp="26 Mar 2019 19:25:51 GMT" time="143.747" errors="0">
  <testcase name="Test" time="143.747" classname="Assignments.Assignment2"/>
</testsuite> <!-- Assignments.Assignment2 -->
